Arguments: 
  C:\Program Files\nodejs\node.exe C:\Program Files (x86)\Yarn\bin\yarn.js

PATH: 
  C:\Program Files\Git\mingw64\bin;C:\Program Files\Git\usr\bin;C:\Users\Marcelo\bin;C:\Python27;C:\Python27\Scripts;C:\WINDOWS\system32;C:\WINDOWS;C:\WINDOWS\System32\Wbem;C:\WINDOWS\System32\WindowsPowerShell\v1.0;C:\WINDOWS\System32\OpenSSH;C:\Program Files (x86)\AMD\ATI.ACE\Core-Static;C:\ProgramData\chocolatey\bin;C:\Program Files\Java\jdk1.8.0_211\bin;C:\Program Files\Git\cmd;C:\Users\Marcelo\AppData\Local\Microsoft\WindowsApps;C:\Users\Marcelo\AppData\Local\Programs\Microsoft VS Code\bin;C:\Users\Marcelo\AppData\Roaming\npm;C:\Users\Marcelo\AppData\Local\Android\Sdk\platform-tools;C:\Users\Marcelo\AppData\Local\Android\Sdk\tools;C:\Users\Marcelo\AppData\Local\Yarn\bin;C:\tools\dart-sdk\bin;C:\Users\Marcelo\AppData\Roaming\Pub\Cache\bin;C:\adb;C:\Users\Marcelo\AppData\Roaming\nvm;C:\Program Files\nodejs;C:\WINDOWS\system32;C:\WINDOWS;C:\WINDOWS\System32\Wbem;C:\WINDOWS\System32\WindowsPowerShell\v1.0;C:\WINDOWS\System32\OpenSSH;C:\Program Files (x86)\Yarn\bin;C:\Users\Marcelo\AppData\Local\Microsoft\WindowsApps;C:\Users\Marcelo\AppData\Local\Programs\Microsoft VS Code\bin;C:\Users\Marcelo\AppData\Local\Android\Sdk\platform-tools;C:\Users\Marcelo\AppData\Local\Android\Sdk\tools;C:\tools\dart-sdk\bin;C:\Users\Marcelo\AppData\Roaming\Pub\Cache\bin;C:\Users\Marcelo\AppData\Roaming\nvm;C:\Program Files\nodejs;C:\Users\Marcelo\AppData\Local\Yarn\bin

Yarn version: 
  1.17.3

Node version: 
  10.16.0

Platform: 
  win32 x64

Trace: 
  Error: https://registry.yarnpkg.com/rxjs/-/rxjs-5.5.12.tgz: ESOCKETTIMEDOUT
      at ClientRequest.<anonymous> (C:\Program Files (x86)\Yarn\lib\cli.js:141091:19)
      at Object.onceWrapper (events.js:286:20)
      at ClientRequest.emit (events.js:198:13)
      at TLSSocket.emitRequestTimeout (_http_client.js:662:40)
      at Object.onceWrapper (events.js:286:20)
      at TLSSocket.emit (events.js:198:13)
      at TLSSocket.Socket._onTimeout (net.js:442:8)
      at ontimeout (timers.js:436:11)
      at tryOnTimeout (timers.js:300:5)
      at listOnTimeout (timers.js:263:5)

npm manifest: 
  {
    "name": "mycard",
    "version": "1.0.0",
    "main": "index.html",
    "description": "MyCard",
    "devDependencies": {
      "apache-server-configs": "^2.14.0",
      "babel-core": "^6.14.0",
      "babel-preset-es2015": "^6.0.15",
      "browser-sync": "^2.14.0",
      "del": "^2.2.2",
      "eslint-config-airbnb": "^17.1.0",
      "eslint-config-google": "^0.3.0",
      "eslint-plugin-react": "^7.13.0",
      "gulp": "3.9.1",
      "gulp-autoprefixer": "^3.1.1",
      "gulp-babel": "^6.1.2",
      "gulp-cache": "^0.4.5",
      "gulp-concat": "^2.6.0",
      "gulp-cssnano": "^2.1.2",
      "gulp-eslint": "^1.1.1",
      "gulp-htmlmin": "^2.0.0",
      "gulp-if": "^2.0.1",
      "gulp-imagemin": "^2.4.0",
      "gulp-load-plugins": "^1.2.4",
      "gulp-newer": "^1.2.0",
      "gulp-sass": "^4.0.2",
      "gulp-size": "^2.1.0",
      "gulp-sourcemaps": "^1.6.0",
      "gulp-uglify": "^1.5.4",
      "gulp-useref": "^3.1.0",
      "psi": "^2.0.4",
      "run-sequence": "^1.0.1",
      "sw-precache": "^3.2.0",
      "sw-toolbox": "^3.2.1"
    },
    "engines": {
      "node": ">=0.12"
    },
    "private": false,
    "scripts": {
      "test": "gulp && git status | grep 'working directory clean' >/dev/null || (echo 'Please commit all changes generated by building'; exit 1)"
    },
    "eslintConfig": {
      "extends": "google"
    }
  }

yarn manifest: 
  No manifest

Lockfile: 
  No lockfile
